<?xml version="1.0" encoding="UTF-8"?>
<testng-results ignored="0" total="2" passed="2" failed="0" skipped="0">
  <reporter-output>
    <line>
      <![CDATA[Open_Browser]]>
    </line>
    <line>
      <![CDATA[Login_App,true]]>
    </line>
    <line>
      <![CDATA[Verify userid_password]]>
    </line>
    <line>
      <![CDATA[Logout_App]]>
    </line>
    <line>
      <![CDATA[Login_App,true]]>
    </line>
    <line>
      <![CDATA[Order]]>
    </line>
    <line>
      <![CDATA[Logout_App]]>
    </line>
    <line>
      <![CDATA[Close_Browser]]>
    </line>
  </reporter-output>
  <suite started-at="2022-08-21T23:30:33 IST" name="Default suite" finished-at="2022-08-21T23:30:33 IST" duration-ms="62">
    <groups>
    </groups>
    <test started-at="2022-08-21T23:30:33 IST" name="Default test" finished-at="2022-08-21T23:30:33 IST" duration-ms="62">
      <class name="test_ng.annotation_1">
        <test-method is-config="true" signature="m1()[pri:0, instance:test_ng.annotation_1@20ccf40b]" started-at="2022-08-21T23:30:33 IST" name="m1" finished-at="2022-08-21T23:30:33 IST" duration-ms="8" status="PASS">
          <reporter-output>
            <line>
              <![CDATA[Open_Browser]]>
            </line>
          </reporter-output>
        </test-method> <!-- m1 -->
        <test-method is-config="true" signature="m2()[pri:0, instance:test_ng.annotation_1@20ccf40b]" started-at="2022-08-21T23:30:33 IST" name="m2" finished-at="2022-08-21T23:30:33 IST" duration-ms="0" status="PASS">
          <reporter-output>
            <line>
              <![CDATA[Login_App,true]]>
            </line>
          </reporter-output>
        </test-method> <!-- m2 -->
        <test-method signature="Test_Case_ID_1()[pri:0, instance:test_ng.annotation_1@20ccf40b]" started-at="2022-08-21T23:30:33 IST" name="Test_Case_ID_1" finished-at="2022-08-21T23:30:33 IST" duration-ms="4" status="PASS">
          <reporter-output>
            <line>
              <![CDATA[Verify userid_password]]>
            </line>
          </reporter-output>
        </test-method> <!-- Test_Case_ID_1 -->
        <test-method is-config="true" signature="m3()[pri:0, instance:test_ng.annotation_1@20ccf40b]" started-at="2022-08-21T23:30:33 IST" name="m3" finished-at="2022-08-21T23:30:33 IST" duration-ms="0" status="PASS">
          <reporter-output>
            <line>
              <![CDATA[Logout_App]]>
            </line>
          </reporter-output>
        </test-method> <!-- m3 -->
        <test-method signature="Test_Case_ID_2()[pri:0, instance:test_ng.annotation_1@20ccf40b]" started-at="2022-08-21T23:30:33 IST" name="Test_Case_ID_2" finished-at="2022-08-21T23:30:33 IST" duration-ms="2" status="PASS">
          <reporter-output>
            <line>
              <![CDATA[Order]]>
            </line>
          </reporter-output>
        </test-method> <!-- Test_Case_ID_2 -->
        <test-method is-config="true" signature="m2()[pri:0, instance:test_ng.annotation_1@20ccf40b]" started-at="2022-08-21T23:30:33 IST" name="m2" finished-at="2022-08-21T23:30:33 IST" duration-ms="0" status="PASS">
          <reporter-output>
            <line>
              <![CDATA[Login_App,true]]>
            </line>
          </reporter-output>
        </test-method> <!-- m2 -->
        <test-method is-config="true" signature="m3()[pri:0, instance:test_ng.annotation_1@20ccf40b]" started-at="2022-08-21T23:30:33 IST" name="m3" finished-at="2022-08-21T23:30:33 IST" duration-ms="0" status="PASS">
          <reporter-output>
            <line>
              <![CDATA[Logout_App]]>
            </line>
          </reporter-output>
        </test-method> <!-- m3 -->
        <test-method is-config="true" signature="m4()[pri:0, instance:test_ng.annotation_1@20ccf40b]" started-at="2022-08-21T23:30:33 IST" name="m4" finished-at="2022-08-21T23:30:33 IST" duration-ms="0" status="PASS">
          <reporter-output>
            <line>
              <![CDATA[Close_Browser]]>
            </line>
          </reporter-output>
        </test-method> <!-- m4 -->
      </class> <!-- test_ng.annotation_1 -->
    </test> <!-- Default test -->
  </suite> <!-- Default suite -->
</testng-results>
